{
  message: '{"user":"tsudhayakumar1996@gmail.com","location":"router - /me","name":"Udhay","picture":"https://lh3.googleusercontent.com/a/ACg8ocICfXIm47plckiBKMYNTQ-CtLTlP5BgSj5yrXeCbjjAQIbve8NJ=s96-c"}',
  level: 'info',
  timestamp: '2025-06-03 22:02:21'
}
{
  message: '{"user":"tsudhayakumar1996@gmail.com","location":"router - /me","name":"Udhay","picture":"https://lh3.googleusercontent.com/a/ACg8ocICfXIm47plckiBKMYNTQ-CtLTlP5BgSj5yrXeCbjjAQIbve8NJ=s96-c"}',
  level: 'info',
  timestamp: '2025-06-03 22:02:21'
}
{
  message: '{"user":"tsudhayakumar1996@gmail.com","location":"router - /me","name":"Udhay","picture":"https://lh3.googleusercontent.com/a/ACg8ocICfXIm47plckiBKMYNTQ-CtLTlP5BgSj5yrXeCbjjAQIbve8NJ=s96-c"}',
  level: 'info',
  timestamp: '2025-06-03 23:08:46'
}
{
  message: '{"user":"tsudhayakumar1996@gmail.com","location":"router - /me","name":"Udhay","picture":"https://lh3.googleusercontent.com/a/ACg8ocICfXIm47plckiBKMYNTQ-CtLTlP5BgSj5yrXeCbjjAQIbve8NJ=s96-c"}',
  level: 'info',
  timestamp: '2025-06-04 07:26:28'
}
{
  message: '{"user":"tsudhayakumar1996@gmail.com","location":"router - /login/google","picture":"https://lh3.googleusercontent.com/a/ACg8ocICfXIm47plckiBKMYNTQ-CtLTlP5BgSj5yrXeCbjjAQIbve8NJ=s96-c","name":"Udhay"}',
  level: 'info',
  timestamp: '2025-06-04 07:26:46'
}
{
  message: '{"user":"tsudhayakumar1996@gmail.com","location":"router - /me","name":"Udhay","picture":"https://lh3.googleusercontent.com/a/ACg8ocICfXIm47plckiBKMYNTQ-CtLTlP5BgSj5yrXeCbjjAQIbve8NJ=s96-c"}',
  level: 'info',
  timestamp: '2025-06-04 07:26:51'
}
{
  message: '{"user":"tsudhayakumar1996@gmail.com","location":"router - /me","name":"Udhay","picture":"https://lh3.googleusercontent.com/a/ACg8ocICfXIm47plckiBKMYNTQ-CtLTlP5BgSj5yrXeCbjjAQIbve8NJ=s96-c"}',
  level: 'info',
  timestamp: '2025-06-04 07:26:52'
}
{
  message: '{"user":"tsudhayakumar1996@gmail.com","location":"router - /me","name":"Udhay","picture":"https://lh3.googleusercontent.com/a/ACg8ocICfXIm47plckiBKMYNTQ-CtLTlP5BgSj5yrXeCbjjAQIbve8NJ=s96-c"}',
  level: 'info',
  timestamp: '2025-06-04 07:26:52'
}
{
  message: '{"user":"tsudhayakumar1996@gmail.com","location":"router - /me","name":"Udhay","picture":"https://lh3.googleusercontent.com/a/ACg8ocICfXIm47plckiBKMYNTQ-CtLTlP5BgSj5yrXeCbjjAQIbve8NJ=s96-c"}',
  level: 'info',
  timestamp: '2025-06-04 07:26:52'
}
{
  message: '{"user":"tsudhayakumar1996@gmail.com","location":"router - /me","name":"Udhay","picture":"https://lh3.googleusercontent.com/a/ACg8ocICfXIm47plckiBKMYNTQ-CtLTlP5BgSj5yrXeCbjjAQIbve8NJ=s96-c"}',
  level: 'info',
  timestamp: '2025-06-04 07:26:53'
}
{
  message: '{"user":"tsudhayakumar1996@gmail.com","location":"router - /me","name":"Udhay","picture":"https://lh3.googleusercontent.com/a/ACg8ocICfXIm47plckiBKMYNTQ-CtLTlP5BgSj5yrXeCbjjAQIbve8NJ=s96-c"}',
  level: 'info',
  timestamp: '2025-06-04 07:26:53'
}
{
  message: '{"user":"tsudhayakumar1996@gmail.com","location":"router - /me","name":"Udhay","picture":"https://lh3.googleusercontent.com/a/ACg8ocICfXIm47plckiBKMYNTQ-CtLTlP5BgSj5yrXeCbjjAQIbve8NJ=s96-c"}',
  level: 'info',
  timestamp: '2025-06-04 07:26:53'
}
{
  message: '{"user":"tsudhayakumar1996@gmail.com","location":"router - /me","name":"Udhay","picture":"https://lh3.googleusercontent.com/a/ACg8ocICfXIm47plckiBKMYNTQ-CtLTlP5BgSj5yrXeCbjjAQIbve8NJ=s96-c"}',
  level: 'info',
  timestamp: '2025-06-04 07:26:53'
}
{
  message: '{"user":"tsudhayakumar1996@gmail.com","location":"router - /me","name":"Udhay","picture":"https://lh3.googleusercontent.com/a/ACg8ocICfXIm47plckiBKMYNTQ-CtLTlP5BgSj5yrXeCbjjAQIbve8NJ=s96-c"}',
  level: 'info',
  timestamp: '2025-06-04 07:26:53'
}
{
  message: '{"user":"tsudhayakumar1996@gmail.com","location":"router - /login/google","picture":"https://lh3.googleusercontent.com/a/ACg8ocICfXIm47plckiBKMYNTQ-CtLTlP5BgSj5yrXeCbjjAQIbve8NJ=s96-c","name":"Udhay"}',
  level: 'info',
  timestamp: '2025-06-04 07:40:55'
}
